1680454951663	geckodriver	INFO	Listening on 127.0.0.1:54131
1680454952620	mozrunner::runner	INFO	Running command: "/Applications/Firefox.app/Contents/MacOS/firefox-bin" "--marionette" "-foreground" "-no-remote" "-profile" "/var/folders/xx/c42l_52529l00zhqzz19y47r0000gn/T/rust_mozprofilehGmmjs"
console.warn: services.settings: Ignoring preference override of remote settings server
console.warn: services.settings: Allow by setting MOZ_REMOTE_SETTINGS_DEVTOOLS=1 in the environment
1680454953324	Marionette	INFO	Marionette enabled
1680454953431	Marionette	INFO	Listening on port 54139
Read port: 54139
1680454953566	RemoteAgent	WARN	TLS certificate errors will be ignored for this session
2023-04-03 00:02:33.574 plugin-container[33453:6142450] nil host used in call to allowsSpecificHTTPSCertificateForHost
2023-04-03 00:02:33.574 plugin-container[33453:6142450] nil host used in call to allowsAnyHTTPSCertificateForHost:
2023-04-03 00:02:33.627 plugin-container[33453:6142450] nil host used in call to allowsSpecificHTTPSCertificateForHost
2023-04-03 00:02:33.627 plugin-container[33453:6142450] nil host used in call to allowsAnyHTTPSCertificateForHost:
2023-04-03 00:02:33.628 plugin-container[33453:6142467] nil host used in call to allowsSpecificHTTPSCertificateForHost
2023-04-03 00:02:33.628 plugin-container[33453:6142467] nil host used in call to allowsAnyHTTPSCertificateForHost:
UNSUPPORTED (log once): POSSIBLE ISSUE: unit 1 GLD_TEXTURE_INDEX_2D is unloadable and bound to sampler type (Float) - using zero texture because texture unloadable
console.warn: SearchSettings: "get: No settings file exists, new profile?" (new NotFoundError("Could not open the file at /var/folders/xx/c42l_52529l00zhqzz19y47r0000gn/T/rust_mozprofilehGmmjs/search.json.mozlz4", (void 0)))
2023-04-02 17:02:35.353 plugin-container[33458:6142646] nil host used in call to allowsSpecificHTTPSCertificateForHost
2023-04-02 17:02:35.353 plugin-container[33458:6142646] nil host used in call to allowsAnyHTTPSCertificateForHost:
2023-04-02 17:02:35.358 plugin-container[33458:6142646] nil host used in call to allowsSpecificHTTPSCertificateForHost
2023-04-02 17:02:35.358 plugin-container[33458:6142646] nil host used in call to allowsAnyHTTPSCertificateForHost:
2023-04-02 17:02:35.359 plugin-container[33458:6142659] nil host used in call to allowsSpecificHTTPSCertificateForHost
2023-04-02 17:02:35.359 plugin-container[33458:6142659] nil host used in call to allowsAnyHTTPSCertificateForHost:
JavaScript warning: https://stepik.azureedge.net/static/frontend-build/vendor.js?v=1679924860, line 6289: unreachable code after return statement
JavaScript error: https://stepik.azureedge.net/static/frontend-build/vendor.js?v=1679924860, line 6105: Error: Expected: '<assignment:568645>' to be present in the adapter provided payload, but it was not found.
Exiting due to channel error.
Exiting due to channel error.
Exiting due to channel error.
Exiting due to channel error.
1682245809196	geckodriver	INFO	Listening on 127.0.0.1:50965
1682245810189	mozrunner::runner	INFO	Running command: "/Applications/Firefox.app/Contents/MacOS/firefox-bin" "--marionette" "-foreground" "-no-remote" "-profile" "/var/folders/xx/c42l_52529l00zhqzz19y47r0000gn/T/rust_mozprofile0xlZky"
console.warn: services.settings: Ignoring preference override of remote settings server
console.warn: services.settings: Allow by setting MOZ_REMOTE_SETTINGS_DEVTOOLS=1 in the environment
1682245810761	Marionette	INFO	Marionette enabled
1682245810812	Marionette	INFO	Listening on port 50992
Read port: 50992
2023-04-23 15:30:10.877 plugin-container[4121:35989] nil host used in call to allowsSpecificHTTPSCertificateForHost
2023-04-23 15:30:10.878 plugin-container[4121:35989] nil host used in call to allowsAnyHTTPSCertificateForHost:
1682245810892	RemoteAgent	WARN	TLS certificate errors will be ignored for this session
2023-04-23 15:30:10.904 plugin-container[4121:35989] nil host used in call to allowsSpecificHTTPSCertificateForHost
2023-04-23 15:30:10.904 plugin-container[4121:35989] nil host used in call to allowsAnyHTTPSCertificateForHost:
2023-04-23 15:30:10.904 plugin-container[4121:35995] nil host used in call to allowsSpecificHTTPSCertificateForHost
2023-04-23 15:30:10.904 plugin-container[4121:35995] nil host used in call to allowsAnyHTTPSCertificateForHost:
UNSUPPORTED (log once): POSSIBLE ISSUE: unit 1 GLD_TEXTURE_INDEX_2D is unloadable and bound to sampler type (Float) - using zero texture because texture unloadable
console.warn: SearchSettings: "get: No settings file exists, new profile?" (new NotFoundError("Could not open the file at /var/folders/xx/c42l_52529l00zhqzz19y47r0000gn/T/rust_mozprofile0xlZky/search.json.mozlz4", (void 0)))
2023-04-23 10:30:11.829 plugin-container[4127:36165] nil host used in call to allowsSpecificHTTPSCertificateForHost
2023-04-23 10:30:11.829 plugin-container[4127:36165] nil host used in call to allowsAnyHTTPSCertificateForHost:
2023-04-23 10:30:11.830 plugin-container[4127:36165] nil host used in call to allowsSpecificHTTPSCertificateForHost
2023-04-23 10:30:11.830 plugin-container[4127:36165] nil host used in call to allowsAnyHTTPSCertificateForHost:
2023-04-23 10:30:11.830 plugin-container[4127:36164] nil host used in call to allowsSpecificHTTPSCertificateForHost
2023-04-23 10:30:11.830 plugin-container[4127:36164] nil host used in call to allowsAnyHTTPSCertificateForHost:
JavaScript error: http://selenium1py.pythonanywhere.com/ru/, line 374: ReferenceError: oscar is not defined
1682245813602	Marionette	INFO	Stopped listening on port 50992
WARNING: A blocker encountered an error while we were waiting.
          Blocker:  Waiting for ping task
          Phase: TelemetryController: Waiting for pending ping activity
          State: (none)
WARNING: Error: Phase "profile-before-change" is finished, it is too late to register completion condition "OS.File: flush I/O queued before profileBeforeChange"
WARNING: addBlocker@resource://gre/modules/AsyncShutdown.sys.mjs:727:15
addBlocker@resource://gre/modules/AsyncShutdown.sys.mjs:523:26
addBlocker@resource://gre/modules/AsyncShutdown.sys.mjs:458:15
setupShutdown@resource://gre/modules/osfile/osfile_async_front.jsm:1548:28
@resource://gre/modules/osfile/osfile_async_front.jsm:1568:16
@resource://gre/modules/osfile.jsm:12:30
@resource://gre/modules/TelemetryStorage.sys.mjs:10:28
_checkPendingPings@resource://gre/modules/TelemetrySend.sys.mjs:863:17
setup@resource://gre/modules/TelemetrySend.sys.mjs:803:18
setup@resource://gre/modules/TelemetrySend.sys.mjs:241:30
setupTelemetry/this._delayedInitTask<@resource://gre/modules/TelemetryControllerParent.sys.mjs:828:36
observe@resource://gre/modules/AsyncShutdown.sys.mjs:576:16

console.error: "TelemetryScheduler.shutdown - Already shut down"
WARNING: A blocker encountered an error while we were waiting.
          Blocker:  Waiting for ping task
          Phase: TelemetryController: Waiting for pending ping activity
          State: (none)
WARNING: Error: Phase "profile-before-change" is finished, it is too late to register completion condition "OS.File: flush I/O queued before profileBeforeChange"
WARNING: addBlocker@resource://gre/modules/AsyncShutdown.sys.mjs:727:15
addBlocker@resource://gre/modules/AsyncShutdown.sys.mjs:523:26
addBlocker@resource://gre/modules/AsyncShutdown.sys.mjs:458:15
setupShutdown@resource://gre/modules/osfile/osfile_async_front.jsm:1548:28
@resource://gre/modules/osfile/osfile_async_front.jsm:1568:16
@resource://gre/modules/osfile.jsm:12:30
@resource://gre/modules/TelemetryStorage.sys.mjs:10:28
_checkPendingPings@resource://gre/modules/TelemetrySend.sys.mjs:863:17
setup@resource://gre/modules/TelemetrySend.sys.mjs:803:18
setup@resource://gre/modules/TelemetrySend.sys.mjs:241:30
setupTelemetry/this._delayedInitTask<@resource://gre/modules/TelemetryControllerParent.sys.mjs:828:36
observe@resource://gre/modules/AsyncShutdown.sys.mjs:576:16

WARNING: A blocker encountered an error while we were waiting.
          Blocker:  Waiting for ping task
          Phase: TelemetryController: Waiting for pending ping activity
          State: (none)
WARNING: Error: Phase "profile-before-change" is finished, it is too late to register completion condition "OS.File: flush I/O queued before profileBeforeChange"
WARNING: addBlocker@resource://gre/modules/AsyncShutdown.sys.mjs:727:15
addBlocker@resource://gre/modules/AsyncShutdown.sys.mjs:523:26
addBlocker@resource://gre/modules/AsyncShutdown.sys.mjs:458:15
setupShutdown@resource://gre/modules/osfile/osfile_async_front.jsm:1548:28
@resource://gre/modules/osfile/osfile_async_front.jsm:1568:16
@resource://gre/modules/osfile.jsm:12:30
@resource://gre/modules/TelemetryStorage.sys.mjs:10:28
_checkPendingPings@resource://gre/modules/TelemetrySend.sys.mjs:863:17
setup@resource://gre/modules/TelemetrySend.sys.mjs:803:18
setup@resource://gre/modules/TelemetrySend.sys.mjs:241:30
setupTelemetry/this._delayedInitTask<@resource://gre/modules/TelemetryControllerParent.sys.mjs:828:36
observe@resource://gre/modules/AsyncShutdown.sys.mjs:576:16

WARNING: A blocker encountered an error while we were waiting.
          Blocker:  TelemetryController: shutting down
          Phase: profile-before-change-telemetry
          State: Error getting state: Error: Phase "profile-before-change" is finished, it is too late to register completion condition "OS.File: flush I/O queued before profileBeforeChange" at addBlocker@resource://gre/modules/AsyncShutdown.sys.mjs:727:15
addBlocker@resource://gre/modules/AsyncShutdown.sys.mjs:523:26
addBlocker@resource://gre/modules/AsyncShutdown.sys.mjs:458:15
setupShutdown@resource://gre/modules/osfile/osfile_async_front.jsm:1548:28
@resource://gre/modules/osfile/osfile_async_front.jsm:1568:16
@resource://gre/modules/osfile.jsm:12:30
@resource://gre/modules/TelemetryStorage.sys.mjs:10:28
_checkPendingPings@resource://gre/modules/TelemetrySend.sys.mjs:863:17
setup@resource://gre/modules/TelemetrySend.sys.mjs:803:18
setup@resource://gre/modules/TelemetrySend.sys.mjs:241:30
setupTelemetry/this._delayedInitTask<@resource://gre/modules/TelemetryControllerParent.sys.mjs:828:36
observe@resource://gre/modules/AsyncShutdown.sys.mjs:576:16

WARNING: Error: Phase "profile-before-change" is finished, it is too late to register completion condition "OS.File: flush I/O queued before profileBeforeChange"
WARNING: addBlocker@resource://gre/modules/AsyncShutdown.sys.mjs:727:15
addBlocker@resource://gre/modules/AsyncShutdown.sys.mjs:523:26
addBlocker@resource://gre/modules/AsyncShutdown.sys.mjs:458:15
setupShutdown@resource://gre/modules/osfile/osfile_async_front.jsm:1548:28
@resource://gre/modules/osfile/osfile_async_front.jsm:1568:16
@resource://gre/modules/osfile.jsm:12:30
@resource://gre/modules/TelemetryStorage.sys.mjs:10:28
_checkPendingPings@resource://gre/modules/TelemetrySend.sys.mjs:863:17
setup@resource://gre/modules/TelemetrySend.sys.mjs:803:18
setup@resource://gre/modules/TelemetrySend.sys.mjs:241:30
setupTelemetry/this._delayedInitTask<@resource://gre/modules/TelemetryControllerParent.sys.mjs:828:36
observe@resource://gre/modules/AsyncShutdown.sys.mjs:576:16

JavaScript error: resource://gre/modules/AsyncShutdown.sys.mjs, line 727: Error: Phase "profile-before-change" is finished, it is too late to register completion condition "OS.File: flush I/O queued before profileBeforeChange"
JavaScript error: resource://gre/modules/AsyncShutdown.sys.mjs, line 727: Error: Phase "profile-before-change" is finished, it is too late to register completion condition "OS.File: flush I/O queued before profileBeforeChange"
JavaScript error: resource://gre/modules/AsyncShutdown.sys.mjs, line 727: Error: Phase "profile-before-change" is finished, it is too late to register completion condition "OS.File: flush I/O queued before profileBeforeChange"
JavaScript error: resource://gre/modules/AsyncShutdown.sys.mjs, line 727: Error: Phase "profile-before-change" is finished, it is too late to register completion condition "OS.File: flush I/O queued before profileBeforeChange"
JavaScript error: resource://gre/modules/AsyncShutdown.sys.mjs, line 727: Error: Phase "profile-before-change" is finished, it is too late to register completion condition "OS.File: flush I/O queued before profileBeforeChange"
JavaScript error: resource://gre/modules/AsyncShutdown.sys.mjs, line 727: Error: Phase "profile-before-change" is finished, it is too late to register completion condition "OS.File: flush I/O queued before profileBeforeChange"
